{"/Users/ivanlotsunyak/projets-dev/pokedex/src/app.js": {"path":"/Users/ivanlotsunyak/projets-dev/pokedex/src/app.js","statementMap":{"0":{"start":{"line":1,"column":16},"end":{"line":1,"column":34}},"1":{"start":{"line":2,"column":13},"end":{"line":2,"column":28}},"2":{"start":{"line":3,"column":12},"end":{"line":3,"column":21}},"3":{"start":{"line":6,"column":21},"end":{"line":6,"column":45}},"4":{"start":{"line":7,"column":18},"end":{"line":7,"column":47}},"5":{"start":{"line":9,"column":0},"end":{"line":9,"column":15}},"6":{"start":{"line":12,"column":0},"end":{"line":12,"column":24}},"7":{"start":{"line":15,"column":23},"end":{"line":41,"column":1}},"8":{"start":{"line":43,"column":20},"end":{"line":43,"column":48}},"9":{"start":{"line":46,"column":0},"end":{"line":46,"column":68}},"10":{"start":{"line":48,"column":19},"end":{"line":48,"column":51}},"11":{"start":{"line":49,"column":19},"end":{"line":49,"column":49}},"12":{"start":{"line":50,"column":22},"end":{"line":50,"column":54}},"13":{"start":{"line":53,"column":0},"end":{"line":53,"column":33}},"14":{"start":{"line":54,"column":0},"end":{"line":54,"column":28}},"15":{"start":{"line":55,"column":0},"end":{"line":55,"column":39}},"16":{"start":{"line":57,"column":0},"end":{"line":57,"column":21}}},"fnMap":{},"branchMap":{},"s":{"0":1,"1":1,"2":1,"3":1,"4":1,"5":1,"6":1,"7":1,"8":1,"9":1,"10":1,"11":1,"12":1,"13":1,"14":1,"15":1,"16":1},"f":{},"b":{},"_coverageSchema":"1a1c01bbd47fc00a2c39e90264f33305004495a9","hash":"2fbf104dd2b6b62618b3ac3d5f4402c0c28e058a"}
,"/Users/ivanlotsunyak/projets-dev/pokedex/src/controllers/authController.js": {"path":"/Users/ivanlotsunyak/projets-dev/pokedex/src/controllers/authController.js","statementMap":{"0":{"start":{"line":1,"column":13},"end":{"line":1,"column":43}},"1":{"start":{"line":2,"column":15},"end":{"line":2,"column":32}},"2":{"start":{"line":3,"column":12},"end":{"line":3,"column":35}},"3":{"start":{"line":5,"column":0},"end":{"line":19,"column":2}},"4":{"start":{"line":6,"column":4},"end":{"line":18,"column":5}},"5":{"start":{"line":7,"column":39},"end":{"line":7,"column":47}},"6":{"start":{"line":8,"column":31},"end":{"line":8,"column":62}},"7":{"start":{"line":10,"column":24},"end":{"line":13,"column":10}},"8":{"start":{"line":15,"column":8},"end":{"line":15,"column":85}},"9":{"start":{"line":17,"column":8},"end":{"line":17,"column":72}},"10":{"start":{"line":21,"column":0},"end":{"line":47,"column":2}},"11":{"start":{"line":22,"column":4},"end":{"line":46,"column":5}},"12":{"start":{"line":23,"column":39},"end":{"line":23,"column":47}},"13":{"start":{"line":25,"column":21},"end":{"line":25,"column":53}},"14":{"start":{"line":26,"column":8},"end":{"line":26,"column":90}},"15":{"start":{"line":26,"column":19},"end":{"line":26,"column":90}},"16":{"start":{"line":29,"column":24},"end":{"line":29,"column":69}},"17":{"start":{"line":30,"column":8},"end":{"line":30,"column":91}},"18":{"start":{"line":30,"column":22},"end":{"line":30,"column":91}},"19":{"start":{"line":33,"column":22},"end":{"line":41,"column":9}},"20":{"start":{"line":43,"column":8},"end":{"line":43,"column":71}},"21":{"start":{"line":45,"column":8},"end":{"line":45,"column":61}},"22":{"start":{"line":49,"column":0},"end":{"line":64,"column":2}},"23":{"start":{"line":50,"column":4},"end":{"line":63,"column":5}},"24":{"start":{"line":51,"column":23},"end":{"line":51,"column":34}},"25":{"start":{"line":52,"column":30},"end":{"line":52,"column":38}},"26":{"start":{"line":54,"column":21},"end":{"line":58,"column":9}},"27":{"start":{"line":60,"column":8},"end":{"line":60,"column":87}},"28":{"start":{"line":62,"column":8},"end":{"line":62,"column":72}}},"fnMap":{"0":{"name":"(anonymous_0)","decl":{"start":{"line":5,"column":19},"end":{"line":5,"column":20}},"loc":{"start":{"line":5,"column":39},"end":{"line":19,"column":1}},"line":5},"1":{"name":"(anonymous_1)","decl":{"start":{"line":21,"column":16},"end":{"line":21,"column":17}},"loc":{"start":{"line":21,"column":36},"end":{"line":47,"column":1}},"line":21},"2":{"name":"(anonymous_2)","decl":{"start":{"line":49,"column":23},"end":{"line":49,"column":24}},"loc":{"start":{"line":49,"column":43},"end":{"line":64,"column":1}},"line":49}},"branchMap":{"0":{"loc":{"start":{"line":26,"column":8},"end":{"line":26,"column":90}},"type":"if","locations":[{"start":{"line":26,"column":8},"end":{"line":26,"column":90}},{"start":{},"end":{}}],"line":26},"1":{"loc":{"start":{"line":30,"column":8},"end":{"line":30,"column":91}},"type":"if","locations":[{"start":{"line":30,"column":8},"end":{"line":30,"column":91}},{"start":{},"end":{}}],"line":30}},"s":{"0":1,"1":1,"2":1,"3":1,"4":28,"5":28,"6":28,"7":28,"8":28,"9":0,"10":1,"11":28,"12":28,"13":28,"14":28,"15":0,"16":28,"17":28,"18":0,"19":28,"20":28,"21":0,"22":1,"23":0,"24":0,"25":0,"26":0,"27":0,"28":0},"f":{"0":28,"1":28,"2":0},"b":{"0":[0,28],"1":[0,28]},"_coverageSchema":"1a1c01bbd47fc00a2c39e90264f33305004495a9","hash":"284ca23f6c5ab96e3bea0837e5d09d3a27976af7"}
,"/Users/ivanlotsunyak/projets-dev/pokedex/src/controllers/pkmnController.js": {"path":"/Users/ivanlotsunyak/projets-dev/pokedex/src/controllers/pkmnController.js","statementMap":{"0":{"start":{"line":1,"column":20},"end":{"line":1,"column":54}},"1":{"start":{"line":2,"column":16},"end":{"line":2,"column":46}},"2":{"start":{"line":4,"column":17},"end":{"line":10,"column":1}},"3":{"start":{"line":5,"column":18},"end":{"line":5,"column":48}},"4":{"start":{"line":6,"column":4},"end":{"line":9,"column":7}},"5":{"start":{"line":12,"column":23},"end":{"line":19,"column":1}},"6":{"start":{"line":13,"column":4},"end":{"line":18,"column":5}},"7":{"start":{"line":14,"column":25},"end":{"line":14,"column":59}},"8":{"start":{"line":15,"column":8},"end":{"line":15,"column":73}},"9":{"start":{"line":17,"column":8},"end":{"line":17,"column":84}},"10":{"start":{"line":21,"column":15},"end":{"line":29,"column":1}},"11":{"start":{"line":22,"column":4},"end":{"line":28,"column":5}},"12":{"start":{"line":23,"column":24},"end":{"line":23,"column":62}},"13":{"start":{"line":24,"column":8},"end":{"line":24,"column":38}},"14":{"start":{"line":26,"column":8},"end":{"line":26,"column":46}},"15":{"start":{"line":27,"column":8},"end":{"line":27,"column":55}},"16":{"start":{"line":31,"column":15},"end":{"line":53,"column":1}},"17":{"start":{"line":32,"column":4},"end":{"line":52,"column":5}},"18":{"start":{"line":33,"column":71},"end":{"line":33,"column":80}},"19":{"start":{"line":34,"column":20},"end":{"line":34,"column":22}},"20":{"start":{"line":37,"column":8},"end":{"line":37,"column":77}},"21":{"start":{"line":37,"column":25},"end":{"line":37,"column":77}},"22":{"start":{"line":40,"column":8},"end":{"line":42,"column":9}},"23":{"start":{"line":41,"column":12},"end":{"line":41,"column":70}},"24":{"start":{"line":44,"column":21},"end":{"line":46,"column":36}},"25":{"start":{"line":48,"column":22},"end":{"line":48,"column":57}},"26":{"start":{"line":49,"column":8},"end":{"line":49,"column":46}},"27":{"start":{"line":51,"column":8},"end":{"line":51,"column":31}},"28":{"start":{"line":55,"column":18},"end":{"line":80,"column":1}},"29":{"start":{"line":56,"column":4},"end":{"line":79,"column":5}},"30":{"start":{"line":57,"column":60},"end":{"line":57,"column":68}},"31":{"start":{"line":59,"column":24},"end":{"line":59,"column":54}},"32":{"start":{"line":60,"column":8},"end":{"line":62,"column":9}},"33":{"start":{"line":61,"column":12},"end":{"line":61,"column":73}},"34":{"start":{"line":65,"column":28},"end":{"line":65,"column":87}},"35":{"start":{"line":65,"column":59},"end":{"line":65,"column":86}},"36":{"start":{"line":67,"column":8},"end":{"line":73,"column":9}},"37":{"start":{"line":69,"column":12},"end":{"line":69,"column":83}},"38":{"start":{"line":72,"column":12},"end":{"line":72,"column":70}},"39":{"start":{"line":75,"column":8},"end":{"line":75,"column":29}},"40":{"start":{"line":76,"column":8},"end":{"line":76,"column":38}},"41":{"start":{"line":78,"column":8},"end":{"line":78,"column":79}},"42":{"start":{"line":82,"column":19},"end":{"line":94,"column":1}},"43":{"start":{"line":83,"column":4},"end":{"line":93,"column":5}},"44":{"start":{"line":84,"column":19},"end":{"line":84,"column":32}},"45":{"start":{"line":85,"column":24},"end":{"line":85,"column":59}},"46":{"start":{"line":86,"column":8},"end":{"line":88,"column":9}},"47":{"start":{"line":87,"column":12},"end":{"line":87,"column":73}},"48":{"start":{"line":90,"column":8},"end":{"line":90,"column":31}},"49":{"start":{"line":92,"column":8},"end":{"line":92,"column":65}},"50":{"start":{"line":96,"column":15},"end":{"line":112,"column":1}},"51":{"start":{"line":97,"column":4},"end":{"line":111,"column":5}},"52":{"start":{"line":98,"column":29},"end":{"line":98,"column":38}},"53":{"start":{"line":101,"column":8},"end":{"line":105,"column":9}},"54":{"start":{"line":102,"column":12},"end":{"line":102,"column":49}},"55":{"start":{"line":103,"column":15},"end":{"line":105,"column":9}},"56":{"start":{"line":104,"column":12},"end":{"line":104,"column":60}},"57":{"start":{"line":107,"column":8},"end":{"line":107,"column":83}},"58":{"start":{"line":107,"column":22},"end":{"line":107,"column":83}},"59":{"start":{"line":108,"column":8},"end":{"line":108,"column":38}},"60":{"start":{"line":110,"column":8},"end":{"line":110,"column":50}},"61":{"start":{"line":114,"column":15},"end":{"line":131,"column":1}},"62":{"start":{"line":115,"column":4},"end":{"line":130,"column":5}},"63":{"start":{"line":116,"column":19},"end":{"line":116,"column":32}},"64":{"start":{"line":117,"column":8},"end":{"line":117,"column":69}},"65":{"start":{"line":117,"column":17},"end":{"line":117,"column":69}},"66":{"start":{"line":120,"column":28},"end":{"line":124,"column":9}},"67":{"start":{"line":126,"column":8},"end":{"line":126,"column":87}},"68":{"start":{"line":126,"column":26},"end":{"line":126,"column":87}},"69":{"start":{"line":127,"column":8},"end":{"line":127,"column":42}},"70":{"start":{"line":129,"column":8},"end":{"line":129,"column":74}},"71":{"start":{"line":133,"column":21},"end":{"line":148,"column":1}},"72":{"start":{"line":134,"column":4},"end":{"line":147,"column":5}},"73":{"start":{"line":135,"column":39},"end":{"line":135,"column":48}},"74":{"start":{"line":137,"column":24},"end":{"line":137,"column":54}},"75":{"start":{"line":138,"column":8},"end":{"line":138,"column":83}},"76":{"start":{"line":138,"column":22},"end":{"line":138,"column":83}},"77":{"start":{"line":141,"column":8},"end":{"line":141,"column":83}},"78":{"start":{"line":141,"column":54},"end":{"line":141,"column":81}},"79":{"start":{"line":143,"column":8},"end":{"line":143,"column":29}},"80":{"start":{"line":144,"column":8},"end":{"line":144,"column":31}},"81":{"start":{"line":146,"column":8},"end":{"line":146,"column":75}},"82":{"start":{"line":150,"column":0},"end":{"line":160,"column":2}}},"fnMap":{"0":{"name":"(anonymous_0)","decl":{"start":{"line":4,"column":17},"end":{"line":4,"column":18}},"loc":{"start":{"line":4,"column":31},"end":{"line":10,"column":1}},"line":4},"1":{"name":"(anonymous_1)","decl":{"start":{"line":12,"column":23},"end":{"line":12,"column":24}},"loc":{"start":{"line":12,"column":43},"end":{"line":19,"column":1}},"line":12},"2":{"name":"(anonymous_2)","decl":{"start":{"line":21,"column":15},"end":{"line":21,"column":16}},"loc":{"start":{"line":21,"column":35},"end":{"line":29,"column":1}},"line":21},"3":{"name":"(anonymous_3)","decl":{"start":{"line":31,"column":15},"end":{"line":31,"column":16}},"loc":{"start":{"line":31,"column":35},"end":{"line":53,"column":1}},"line":31},"4":{"name":"(anonymous_4)","decl":{"start":{"line":55,"column":18},"end":{"line":55,"column":19}},"loc":{"start":{"line":55,"column":38},"end":{"line":80,"column":1}},"line":55},"5":{"name":"(anonymous_5)","decl":{"start":{"line":65,"column":54},"end":{"line":65,"column":55}},"loc":{"start":{"line":65,"column":59},"end":{"line":65,"column":86}},"line":65},"6":{"name":"(anonymous_6)","decl":{"start":{"line":82,"column":19},"end":{"line":82,"column":20}},"loc":{"start":{"line":82,"column":39},"end":{"line":94,"column":1}},"line":82},"7":{"name":"(anonymous_7)","decl":{"start":{"line":96,"column":15},"end":{"line":96,"column":16}},"loc":{"start":{"line":96,"column":35},"end":{"line":112,"column":1}},"line":96},"8":{"name":"(anonymous_8)","decl":{"start":{"line":114,"column":15},"end":{"line":114,"column":16}},"loc":{"start":{"line":114,"column":35},"end":{"line":131,"column":1}},"line":114},"9":{"name":"(anonymous_9)","decl":{"start":{"line":133,"column":21},"end":{"line":133,"column":22}},"loc":{"start":{"line":133,"column":41},"end":{"line":148,"column":1}},"line":133},"10":{"name":"(anonymous_10)","decl":{"start":{"line":141,"column":49},"end":{"line":141,"column":50}},"loc":{"start":{"line":141,"column":54},"end":{"line":141,"column":81}},"line":141}},"branchMap":{"0":{"loc":{"start":{"line":33,"column":16},"end":{"line":33,"column":24}},"type":"default-arg","locations":[{"start":{"line":33,"column":23},"end":{"line":33,"column":24}}],"line":33},"1":{"loc":{"start":{"line":33,"column":26},"end":{"line":33,"column":35}},"type":"default-arg","locations":[{"start":{"line":33,"column":33},"end":{"line":33,"column":35}}],"line":33},"2":{"loc":{"start":{"line":37,"column":8},"end":{"line":37,"column":77}},"type":"if","locations":[{"start":{"line":37,"column":8},"end":{"line":37,"column":77}},{"start":{},"end":{}}],"line":37},"3":{"loc":{"start":{"line":40,"column":8},"end":{"line":42,"column":9}},"type":"if","locations":[{"start":{"line":40,"column":8},"end":{"line":42,"column":9}},{"start":{},"end":{}}],"line":40},"4":{"loc":{"start":{"line":40,"column":12},"end":{"line":40,"column":30}},"type":"binary-expr","locations":[{"start":{"line":40,"column":12},"end":{"line":40,"column":19}},{"start":{"line":40,"column":23},"end":{"line":40,"column":30}}],"line":40},"5":{"loc":{"start":{"line":60,"column":8},"end":{"line":62,"column":9}},"type":"if","locations":[{"start":{"line":60,"column":8},"end":{"line":62,"column":9}},{"start":{},"end":{}}],"line":60},"6":{"loc":{"start":{"line":67,"column":8},"end":{"line":73,"column":9}},"type":"if","locations":[{"start":{"line":67,"column":8},"end":{"line":73,"column":9}},{"start":{"line":70,"column":15},"end":{"line":73,"column":9}}],"line":67},"7":{"loc":{"start":{"line":86,"column":8},"end":{"line":88,"column":9}},"type":"if","locations":[{"start":{"line":86,"column":8},"end":{"line":88,"column":9}},{"start":{},"end":{}}],"line":86},"8":{"loc":{"start":{"line":101,"column":8},"end":{"line":105,"column":9}},"type":"if","locations":[{"start":{"line":101,"column":8},"end":{"line":105,"column":9}},{"start":{"line":103,"column":15},"end":{"line":105,"column":9}}],"line":101},"9":{"loc":{"start":{"line":103,"column":15},"end":{"line":105,"column":9}},"type":"if","locations":[{"start":{"line":103,"column":15},"end":{"line":105,"column":9}},{"start":{},"end":{}}],"line":103},"10":{"loc":{"start":{"line":107,"column":8},"end":{"line":107,"column":83}},"type":"if","locations":[{"start":{"line":107,"column":8},"end":{"line":107,"column":83}},{"start":{},"end":{}}],"line":107},"11":{"loc":{"start":{"line":117,"column":8},"end":{"line":117,"column":69}},"type":"if","locations":[{"start":{"line":117,"column":8},"end":{"line":117,"column":69}},{"start":{},"end":{}}],"line":117},"12":{"loc":{"start":{"line":126,"column":8},"end":{"line":126,"column":87}},"type":"if","locations":[{"start":{"line":126,"column":8},"end":{"line":126,"column":87}},{"start":{},"end":{}}],"line":126},"13":{"loc":{"start":{"line":138,"column":8},"end":{"line":138,"column":83}},"type":"if","locations":[{"start":{"line":138,"column":8},"end":{"line":138,"column":83}},{"start":{},"end":{}}],"line":138}},"s":{"0":1,"1":1,"2":1,"3":0,"4":0,"5":1,"6":1,"7":1,"8":1,"9":0,"10":1,"11":3,"12":3,"13":2,"14":1,"15":1,"16":1,"17":2,"18":2,"19":2,"20":2,"21":1,"22":2,"23":1,"24":2,"25":2,"26":2,"27":0,"28":1,"29":1,"30":1,"31":1,"32":1,"33":0,"34":1,"35":1,"36":1,"37":1,"38":0,"39":1,"40":1,"41":0,"42":1,"43":1,"44":1,"45":1,"46":0,"47":0,"48":0,"49":1,"50":1,"51":0,"52":0,"53":0,"54":0,"55":0,"56":0,"57":0,"58":0,"59":0,"60":0,"61":1,"62":0,"63":0,"64":0,"65":0,"66":0,"67":0,"68":0,"69":0,"70":0,"71":1,"72":0,"73":0,"74":0,"75":0,"76":0,"77":0,"78":0,"79":0,"80":0,"81":0,"82":1},"f":{"0":0,"1":1,"2":3,"3":2,"4":1,"5":1,"6":1,"7":0,"8":0,"9":0,"10":0},"b":{"0":[2],"1":[2],"2":[1,1],"3":[1,1],"4":[2,1],"5":[0,1],"6":[1,0],"7":[0,0],"8":[0,0],"9":[0,0],"10":[0,0],"11":[0,0],"12":[0,0],"13":[0,0]},"_coverageSchema":"1a1c01bbd47fc00a2c39e90264f33305004495a9","hash":"0fbb19707db6744368f17e2436a445f46839b76f"}
,"/Users/ivanlotsunyak/projets-dev/pokedex/src/controllers/trainerController.js": {"path":"/Users/ivanlotsunyak/projets-dev/pokedex/src/controllers/trainerController.js","statementMap":{"0":{"start":{"line":1,"column":16},"end":{"line":1,"column":49}},"1":{"start":{"line":3,"column":15},"end":{"line":26,"column":1}},"2":{"start":{"line":4,"column":4},"end":{"line":25,"column":5}},"3":{"start":{"line":5,"column":8},"end":{"line":7,"column":9}},"4":{"start":{"line":6,"column":12},"end":{"line":6,"column":88}},"5":{"start":{"line":9,"column":25},"end":{"line":9,"column":79}},"6":{"start":{"line":10,"column":8},"end":{"line":12,"column":9}},"7":{"start":{"line":11,"column":12},"end":{"line":11,"column":83}},"8":{"start":{"line":14,"column":27},"end":{"line":18,"column":6}},"9":{"start":{"line":20,"column":8},"end":{"line":20,"column":32}},"10":{"start":{"line":21,"column":8},"end":{"line":21,"column":41}},"11":{"start":{"line":23,"column":8},"end":{"line":23,"column":53}},"12":{"start":{"line":24,"column":8},"end":{"line":24,"column":55}},"13":{"start":{"line":29,"column":19},"end":{"line":41,"column":1}},"14":{"start":{"line":30,"column":4},"end":{"line":40,"column":5}},"15":{"start":{"line":32,"column":24},"end":{"line":34,"column":34}},"16":{"start":{"line":36,"column":8},"end":{"line":36,"column":84}},"17":{"start":{"line":36,"column":22},"end":{"line":36,"column":84}},"18":{"start":{"line":37,"column":8},"end":{"line":37,"column":38}},"19":{"start":{"line":39,"column":8},"end":{"line":39,"column":55}},"20":{"start":{"line":44,"column":15},"end":{"line":55,"column":1}},"21":{"start":{"line":45,"column":4},"end":{"line":54,"column":5}},"22":{"start":{"line":46,"column":31},"end":{"line":50,"column":9}},"23":{"start":{"line":51,"column":8},"end":{"line":51,"column":45}},"24":{"start":{"line":53,"column":8},"end":{"line":53,"column":55}},"25":{"start":{"line":58,"column":22},"end":{"line":65,"column":1}},"26":{"start":{"line":59,"column":4},"end":{"line":64,"column":5}},"27":{"start":{"line":60,"column":8},"end":{"line":60,"column":72}},"28":{"start":{"line":61,"column":8},"end":{"line":61,"column":31}},"29":{"start":{"line":63,"column":8},"end":{"line":63,"column":55}},"30":{"start":{"line":68,"column":20},"end":{"line":92,"column":1}},"31":{"start":{"line":69,"column":4},"end":{"line":91,"column":5}},"32":{"start":{"line":70,"column":42},"end":{"line":70,"column":50}},"33":{"start":{"line":72,"column":24},"end":{"line":72,"column":78}},"34":{"start":{"line":73,"column":8},"end":{"line":73,"column":83}},"35":{"start":{"line":73,"column":22},"end":{"line":73,"column":83}},"36":{"start":{"line":75,"column":8},"end":{"line":85,"column":9}},"37":{"start":{"line":77,"column":12},"end":{"line":79,"column":13}},"38":{"start":{"line":78,"column":16},"end":{"line":78,"column":50}},"39":{"start":{"line":82,"column":12},"end":{"line":84,"column":13}},"40":{"start":{"line":83,"column":16},"end":{"line":83,"column":49}},"41":{"start":{"line":87,"column":8},"end":{"line":87,"column":29}},"42":{"start":{"line":88,"column":8},"end":{"line":88,"column":38}},"43":{"start":{"line":90,"column":8},"end":{"line":90,"column":55}},"44":{"start":{"line":94,"column":0},"end":{"line":100,"column":2}}},"fnMap":{"0":{"name":"(anonymous_0)","decl":{"start":{"line":3,"column":15},"end":{"line":3,"column":16}},"loc":{"start":{"line":3,"column":35},"end":{"line":26,"column":1}},"line":3},"1":{"name":"(anonymous_1)","decl":{"start":{"line":29,"column":19},"end":{"line":29,"column":20}},"loc":{"start":{"line":29,"column":39},"end":{"line":41,"column":1}},"line":29},"2":{"name":"(anonymous_2)","decl":{"start":{"line":44,"column":15},"end":{"line":44,"column":16}},"loc":{"start":{"line":44,"column":35},"end":{"line":55,"column":1}},"line":44},"3":{"name":"(anonymous_3)","decl":{"start":{"line":58,"column":22},"end":{"line":58,"column":23}},"loc":{"start":{"line":58,"column":42},"end":{"line":65,"column":1}},"line":58},"4":{"name":"(anonymous_4)","decl":{"start":{"line":68,"column":20},"end":{"line":68,"column":21}},"loc":{"start":{"line":68,"column":40},"end":{"line":92,"column":1}},"line":68}},"branchMap":{"0":{"loc":{"start":{"line":5,"column":8},"end":{"line":7,"column":9}},"type":"if","locations":[{"start":{"line":5,"column":8},"end":{"line":7,"column":9}},{"start":{},"end":{}}],"line":5},"1":{"loc":{"start":{"line":5,"column":12},"end":{"line":5,"column":43}},"type":"binary-expr","locations":[{"start":{"line":5,"column":12},"end":{"line":5,"column":21}},{"start":{"line":5,"column":25},"end":{"line":5,"column":43}}],"line":5},"2":{"loc":{"start":{"line":10,"column":8},"end":{"line":12,"column":9}},"type":"if","locations":[{"start":{"line":10,"column":8},"end":{"line":12,"column":9}},{"start":{},"end":{}}],"line":10},"3":{"loc":{"start":{"line":17,"column":20},"end":{"line":17,"column":41}},"type":"binary-expr","locations":[{"start":{"line":17,"column":20},"end":{"line":17,"column":35}},{"start":{"line":17,"column":39},"end":{"line":17,"column":41}}],"line":17},"4":{"loc":{"start":{"line":36,"column":8},"end":{"line":36,"column":84}},"type":"if","locations":[{"start":{"line":36,"column":8},"end":{"line":36,"column":84}},{"start":{},"end":{}}],"line":36},"5":{"loc":{"start":{"line":73,"column":8},"end":{"line":73,"column":83}},"type":"if","locations":[{"start":{"line":73,"column":8},"end":{"line":73,"column":83}},{"start":{},"end":{}}],"line":73},"6":{"loc":{"start":{"line":75,"column":8},"end":{"line":85,"column":9}},"type":"if","locations":[{"start":{"line":75,"column":8},"end":{"line":85,"column":9}},{"start":{"line":80,"column":15},"end":{"line":85,"column":9}}],"line":75},"7":{"loc":{"start":{"line":77,"column":12},"end":{"line":79,"column":13}},"type":"if","locations":[{"start":{"line":77,"column":12},"end":{"line":79,"column":13}},{"start":{},"end":{}}],"line":77},"8":{"loc":{"start":{"line":82,"column":12},"end":{"line":84,"column":13}},"type":"if","locations":[{"start":{"line":82,"column":12},"end":{"line":84,"column":13}},{"start":{},"end":{}}],"line":82}},"s":{"0":1,"1":1,"2":1,"3":1,"4":0,"5":1,"6":1,"7":0,"8":1,"9":1,"10":1,"11":0,"12":0,"13":1,"14":1,"15":1,"16":1,"17":0,"18":1,"19":0,"20":1,"21":1,"22":1,"23":1,"24":0,"25":1,"26":1,"27":1,"28":1,"29":0,"30":1,"31":2,"32":2,"33":2,"34":2,"35":0,"36":2,"37":1,"38":1,"39":1,"40":1,"41":0,"42":0,"43":2,"44":1},"f":{"0":1,"1":1,"2":1,"3":1,"4":2},"b":{"0":[0,1],"1":[1,1],"2":[0,1],"3":[1,0],"4":[0,1],"5":[0,2],"6":[1,1],"7":[1,0],"8":[1,0]},"_coverageSchema":"1a1c01bbd47fc00a2c39e90264f33305004495a9","hash":"9179ec0ee5941bb224e0210de9feb21cfcf66266"}
,"/Users/ivanlotsunyak/projets-dev/pokedex/src/middlewares/authMiddleware.js": {"path":"/Users/ivanlotsunyak/projets-dev/pokedex/src/middlewares/authMiddleware.js","statementMap":{"0":{"start":{"line":1,"column":12},"end":{"line":1,"column":35}},"1":{"start":{"line":3,"column":0},"end":{"line":14,"column":2}},"2":{"start":{"line":4,"column":4},"end":{"line":13,"column":5}},"3":{"start":{"line":6,"column":22},"end":{"line":6,"column":61}},"4":{"start":{"line":7,"column":24},"end":{"line":7,"column":63}},"5":{"start":{"line":9,"column":8},"end":{"line":9,"column":27}},"6":{"start":{"line":10,"column":8},"end":{"line":10,"column":15}},"7":{"start":{"line":12,"column":8},"end":{"line":12,"column":65}}},"fnMap":{"0":{"name":"(anonymous_0)","decl":{"start":{"line":3,"column":17},"end":{"line":3,"column":18}},"loc":{"start":{"line":3,"column":37},"end":{"line":14,"column":1}},"line":3}},"branchMap":{},"s":{"0":1,"1":1,"2":21,"3":21,"4":21,"5":21,"6":21,"7":0},"f":{"0":21},"b":{},"_coverageSchema":"1a1c01bbd47fc00a2c39e90264f33305004495a9","hash":"0d78504f25205c876756adafe8b28332680c87df"}
,"/Users/ivanlotsunyak/projets-dev/pokedex/src/middlewares/roleMiddleware.js": {"path":"/Users/ivanlotsunyak/projets-dev/pokedex/src/middlewares/roleMiddleware.js","statementMap":{"0":{"start":{"line":1,"column":0},"end":{"line":10,"column":2}},"1":{"start":{"line":2,"column":4},"end":{"line":9,"column":6}},"2":{"start":{"line":4,"column":8},"end":{"line":8,"column":9}},"3":{"start":{"line":5,"column":12},"end":{"line":5,"column":19}},"4":{"start":{"line":7,"column":12},"end":{"line":7,"column":82}}},"fnMap":{"0":{"name":"(anonymous_0)","decl":{"start":{"line":1,"column":17},"end":{"line":1,"column":18}},"loc":{"start":{"line":1,"column":35},"end":{"line":10,"column":1}},"line":1},"1":{"name":"(anonymous_1)","decl":{"start":{"line":2,"column":11},"end":{"line":2,"column":12}},"loc":{"start":{"line":2,"column":31},"end":{"line":9,"column":5}},"line":2}},"branchMap":{"0":{"loc":{"start":{"line":4,"column":8},"end":{"line":8,"column":9}},"type":"if","locations":[{"start":{"line":4,"column":8},"end":{"line":8,"column":9}},{"start":{"line":6,"column":15},"end":{"line":8,"column":9}}],"line":4},"1":{"loc":{"start":{"line":4,"column":12},"end":{"line":4,"column":54}},"type":"binary-expr","locations":[{"start":{"line":4,"column":12},"end":{"line":4,"column":20}},{"start":{"line":4,"column":24},"end":{"line":4,"column":54}}],"line":4}},"s":{"0":1,"1":5,"2":5,"3":5,"4":0},"f":{"0":5,"1":5},"b":{"0":[5,0],"1":[5,5]},"_coverageSchema":"1a1c01bbd47fc00a2c39e90264f33305004495a9","hash":"d0911b97190c4193bf4cb7994cf285ca12b9dd3d"}
,"/Users/ivanlotsunyak/projets-dev/pokedex/src/models/pkmnModel.js": {"path":"/Users/ivanlotsunyak/projets-dev/pokedex/src/models/pkmnModel.js","statementMap":{"0":{"start":{"line":1,"column":17},"end":{"line":1,"column":36}},"1":{"start":{"line":3,"column":22},"end":{"line":13,"column":2}},"2":{"start":{"line":15,"column":0},"end":{"line":15,"column":58}}},"fnMap":{},"branchMap":{},"s":{"0":1,"1":1,"2":1},"f":{},"b":{},"_coverageSchema":"1a1c01bbd47fc00a2c39e90264f33305004495a9","hash":"ca00930c22acf2b0382d36b77bc76747a5135cd5"}
,"/Users/ivanlotsunyak/projets-dev/pokedex/src/models/trainerModel.js": {"path":"/Users/ivanlotsunyak/projets-dev/pokedex/src/models/trainerModel.js","statementMap":{"0":{"start":{"line":1,"column":17},"end":{"line":1,"column":36}},"1":{"start":{"line":3,"column":22},"end":{"line":12,"column":2}},"2":{"start":{"line":14,"column":0},"end":{"line":14,"column":58}}},"fnMap":{},"branchMap":{},"s":{"0":1,"1":1,"2":1},"f":{},"b":{},"_coverageSchema":"1a1c01bbd47fc00a2c39e90264f33305004495a9","hash":"a0eb368ed87806d55e59afc0e5ec168e1975e721"}
,"/Users/ivanlotsunyak/projets-dev/pokedex/src/models/userModel.js": {"path":"/Users/ivanlotsunyak/projets-dev/pokedex/src/models/userModel.js","statementMap":{"0":{"start":{"line":1,"column":17},"end":{"line":1,"column":36}},"1":{"start":{"line":3,"column":19},"end":{"line":10,"column":2}},"2":{"start":{"line":12,"column":0},"end":{"line":12,"column":52}}},"fnMap":{},"branchMap":{},"s":{"0":1,"1":1,"2":1},"f":{},"b":{},"_coverageSchema":"1a1c01bbd47fc00a2c39e90264f33305004495a9","hash":"bf212a75af7d0d9b1bf3b1e2a0aae2fbdc994125"}
,"/Users/ivanlotsunyak/projets-dev/pokedex/src/routes/authRoutes.js": {"path":"/Users/ivanlotsunyak/projets-dev/pokedex/src/routes/authRoutes.js","statementMap":{"0":{"start":{"line":1,"column":16},"end":{"line":1,"column":34}},"1":{"start":{"line":2,"column":15},"end":{"line":2,"column":31}},"2":{"start":{"line":3,"column":23},"end":{"line":3,"column":63}},"3":{"start":{"line":5,"column":0},"end":{"line":5,"column":50}},"4":{"start":{"line":6,"column":0},"end":{"line":6,"column":44}},"5":{"start":{"line":8,"column":0},"end":{"line":8,"column":24}}},"fnMap":{},"branchMap":{},"s":{"0":1,"1":1,"2":1,"3":1,"4":1,"5":1},"f":{},"b":{},"_coverageSchema":"1a1c01bbd47fc00a2c39e90264f33305004495a9","hash":"e45a9dd553e89d38b627b1e5c6e54fbf5b5d005b"}
,"/Users/ivanlotsunyak/projets-dev/pokedex/src/routes/pkmnRoute.js": {"path":"/Users/ivanlotsunyak/projets-dev/pokedex/src/routes/pkmnRoute.js","statementMap":{"0":{"start":{"line":1,"column":16},"end":{"line":1,"column":34}},"1":{"start":{"line":2,"column":15},"end":{"line":2,"column":31}},"2":{"start":{"line":3,"column":23},"end":{"line":3,"column":63}},"3":{"start":{"line":4,"column":13},"end":{"line":4,"column":53}},"4":{"start":{"line":5,"column":19},"end":{"line":5,"column":59}},"5":{"start":{"line":8,"column":0},"end":{"line":8,"column":17}},"6":{"start":{"line":10,"column":0},"end":{"line":10,"column":50}},"7":{"start":{"line":11,"column":0},"end":{"line":11,"column":51}},"8":{"start":{"line":14,"column":0},"end":{"line":14,"column":65}},"9":{"start":{"line":15,"column":0},"end":{"line":15,"column":68}},"10":{"start":{"line":16,"column":0},"end":{"line":16,"column":71}},"11":{"start":{"line":19,"column":0},"end":{"line":19,"column":75}},"12":{"start":{"line":20,"column":0},"end":{"line":20,"column":80}},"13":{"start":{"line":22,"column":0},"end":{"line":22,"column":24}}},"fnMap":{},"branchMap":{},"s":{"0":1,"1":1,"2":1,"3":1,"4":1,"5":1,"6":1,"7":1,"8":1,"9":1,"10":1,"11":1,"12":1,"13":1},"f":{},"b":{},"_coverageSchema":"1a1c01bbd47fc00a2c39e90264f33305004495a9","hash":"09902459277781e51ee8ff366397e322c0bc0f0e"}
,"/Users/ivanlotsunyak/projets-dev/pokedex/src/routes/trainerRoute.js": {"path":"/Users/ivanlotsunyak/projets-dev/pokedex/src/routes/trainerRoute.js","statementMap":{"0":{"start":{"line":1,"column":16},"end":{"line":1,"column":34}},"1":{"start":{"line":2,"column":15},"end":{"line":2,"column":31}},"2":{"start":{"line":3,"column":26},"end":{"line":3,"column":69}},"3":{"start":{"line":4,"column":13},"end":{"line":4,"column":53}},"4":{"start":{"line":69,"column":0},"end":{"line":69,"column":17}},"5":{"start":{"line":71,"column":0},"end":{"line":71,"column":43}},"6":{"start":{"line":72,"column":0},"end":{"line":72,"column":46}},"7":{"start":{"line":73,"column":0},"end":{"line":73,"column":42}},"8":{"start":{"line":74,"column":0},"end":{"line":74,"column":45}},"9":{"start":{"line":75,"column":0},"end":{"line":75,"column":52}},"10":{"start":{"line":77,"column":0},"end":{"line":77,"column":24}}},"fnMap":{},"branchMap":{},"s":{"0":1,"1":1,"2":1,"3":1,"4":1,"5":1,"6":1,"7":1,"8":1,"9":1,"10":1},"f":{},"b":{},"_coverageSchema":"1a1c01bbd47fc00a2c39e90264f33305004495a9","hash":"c9be05df6d59b0270735550a84c79e1c01d2e0a9"}
,"/Users/ivanlotsunyak/projets-dev/pokedex/src/services/pkmnService.js": {"path":"/Users/ivanlotsunyak/projets-dev/pokedex/src/services/pkmnService.js","statementMap":{"0":{"start":{"line":2,"column":16},"end":{"line":2,"column":46}},"1":{"start":{"line":5,"column":23},"end":{"line":7,"column":1}},"2":{"start":{"line":6,"column":4},"end":{"line":6,"column":32}},"3":{"start":{"line":10,"column":19},"end":{"line":17,"column":1}},"4":{"start":{"line":12,"column":21},"end":{"line":12,"column":67}},"5":{"start":{"line":13,"column":4},"end":{"line":13,"column":57}},"6":{"start":{"line":13,"column":18},"end":{"line":13,"column":57}},"7":{"start":{"line":16,"column":4},"end":{"line":16,"column":42}},"8":{"start":{"line":19,"column":25},"end":{"line":21,"column":1}},"9":{"start":{"line":20,"column":4},"end":{"line":20,"column":48}},"10":{"start":{"line":23,"column":0},"end":{"line":27,"column":2}}},"fnMap":{"0":{"name":"(anonymous_0)","decl":{"start":{"line":5,"column":23},"end":{"line":5,"column":24}},"loc":{"start":{"line":5,"column":35},"end":{"line":7,"column":1}},"line":5},"1":{"name":"(anonymous_1)","decl":{"start":{"line":10,"column":19},"end":{"line":10,"column":20}},"loc":{"start":{"line":10,"column":39},"end":{"line":17,"column":1}},"line":10},"2":{"name":"(anonymous_2)","decl":{"start":{"line":19,"column":25},"end":{"line":19,"column":26}},"loc":{"start":{"line":19,"column":31},"end":{"line":21,"column":1}},"line":19}},"branchMap":{"0":{"loc":{"start":{"line":13,"column":4},"end":{"line":13,"column":57}},"type":"if","locations":[{"start":{"line":13,"column":4},"end":{"line":13,"column":57}},{"start":{},"end":{}}],"line":13}},"s":{"0":1,"1":1,"2":1,"3":1,"4":3,"5":3,"6":1,"7":2,"8":1,"9":0,"10":1},"f":{"0":1,"1":3,"2":0},"b":{"0":[1,2]},"_coverageSchema":"1a1c01bbd47fc00a2c39e90264f33305004495a9","hash":"ef438dfa96bfdfde60fd18b4d39c6e80277b48e8"}
}
