TN:
SF:src/app.js
FNF:0
FNH:0
DA:1,1
DA:2,1
DA:3,1
DA:6,1
DA:7,1
DA:9,1
DA:12,1
DA:15,1
DA:43,1
DA:46,1
DA:48,1
DA:49,1
DA:50,1
DA:53,1
DA:54,1
DA:55,1
DA:57,1
LF:17
LH:17
BRF:0
BRH:0
end_of_record
TN:
SF:src/controllers/authController.js
FN:5,(anonymous_0)
FN:21,(anonymous_1)
FN:49,(anonymous_2)
FNF:3
FNH:2
FNDA:28,(anonymous_0)
FNDA:28,(anonymous_1)
FNDA:0,(anonymous_2)
DA:1,1
DA:2,1
DA:3,1
DA:5,1
DA:6,28
DA:7,28
DA:8,28
DA:10,28
DA:15,28
DA:17,0
DA:21,1
DA:22,28
DA:23,28
DA:25,28
DA:26,28
DA:29,28
DA:30,28
DA:33,28
DA:43,28
DA:45,0
DA:49,1
DA:50,0
DA:51,0
DA:52,0
DA:54,0
DA:60,0
DA:62,0
LF:27
LH:19
BRDA:26,0,0,0
BRDA:26,0,1,28
BRDA:30,1,0,0
BRDA:30,1,1,28
BRF:4
BRH:2
end_of_record
TN:
SF:src/controllers/pkmnController.js
FN:4,(anonymous_0)
FN:12,(anonymous_1)
FN:21,(anonymous_2)
FN:31,(anonymous_3)
FN:55,(anonymous_4)
FN:65,(anonymous_5)
FN:82,(anonymous_6)
FN:96,(anonymous_7)
FN:114,(anonymous_8)
FN:133,(anonymous_9)
FN:141,(anonymous_10)
FNF:11
FNH:6
FNDA:0,(anonymous_0)
FNDA:1,(anonymous_1)
FNDA:3,(anonymous_2)
FNDA:2,(anonymous_3)
FNDA:1,(anonymous_4)
FNDA:1,(anonymous_5)
FNDA:1,(anonymous_6)
FNDA:0,(anonymous_7)
FNDA:0,(anonymous_8)
FNDA:0,(anonymous_9)
FNDA:0,(anonymous_10)
DA:1,1
DA:2,1
DA:4,1
DA:5,0
DA:6,0
DA:12,1
DA:13,1
DA:14,1
DA:15,1
DA:17,0
DA:21,1
DA:22,3
DA:23,3
DA:24,2
DA:26,1
DA:27,1
DA:31,1
DA:32,2
DA:33,2
DA:34,2
DA:37,2
DA:40,2
DA:41,1
DA:44,2
DA:48,2
DA:49,2
DA:51,0
DA:55,1
DA:56,1
DA:57,1
DA:59,1
DA:60,1
DA:61,0
DA:65,1
DA:67,1
DA:69,1
DA:72,0
DA:75,1
DA:76,1
DA:78,0
DA:82,1
DA:83,1
DA:84,1
DA:85,1
DA:86,0
DA:87,0
DA:90,0
DA:92,1
DA:96,1
DA:97,0
DA:98,0
DA:101,0
DA:102,0
DA:103,0
DA:104,0
DA:107,0
DA:108,0
DA:110,0
DA:114,1
DA:115,0
DA:116,0
DA:117,0
DA:120,0
DA:126,0
DA:127,0
DA:129,0
DA:133,1
DA:134,0
DA:135,0
DA:137,0
DA:138,0
DA:141,0
DA:143,0
DA:144,0
DA:146,0
DA:150,1
LF:76
LH:42
BRDA:33,0,0,2
BRDA:33,1,0,2
BRDA:37,2,0,1
BRDA:37,2,1,1
BRDA:40,3,0,1
BRDA:40,3,1,1
BRDA:40,4,0,2
BRDA:40,4,1,1
BRDA:60,5,0,0
BRDA:60,5,1,1
BRDA:67,6,0,1
BRDA:67,6,1,0
BRDA:86,7,0,0
BRDA:86,7,1,0
BRDA:101,8,0,0
BRDA:101,8,1,0
BRDA:103,9,0,0
BRDA:103,9,1,0
BRDA:107,10,0,0
BRDA:107,10,1,0
BRDA:117,11,0,0
BRDA:117,11,1,0
BRDA:126,12,0,0
BRDA:126,12,1,0
BRDA:138,13,0,0
BRDA:138,13,1,0
BRF:26
BRH:10
end_of_record
TN:
SF:src/controllers/trainerController.js
FN:3,(anonymous_0)
FN:29,(anonymous_1)
FN:44,(anonymous_2)
FN:58,(anonymous_3)
FN:68,(anonymous_4)
FNF:5
FNH:5
FNDA:1,(anonymous_0)
FNDA:1,(anonymous_1)
FNDA:1,(anonymous_2)
FNDA:1,(anonymous_3)
FNDA:2,(anonymous_4)
DA:1,1
DA:3,1
DA:4,1
DA:5,1
DA:6,0
DA:9,1
DA:10,1
DA:11,0
DA:14,1
DA:20,1
DA:21,1
DA:23,0
DA:24,0
DA:29,1
DA:30,1
DA:32,1
DA:36,1
DA:37,1
DA:39,0
DA:44,1
DA:45,1
DA:46,1
DA:51,1
DA:53,0
DA:58,1
DA:59,1
DA:60,1
DA:61,1
DA:63,0
DA:68,1
DA:69,2
DA:70,2
DA:72,2
DA:73,2
DA:75,2
DA:77,1
DA:78,1
DA:82,1
DA:83,1
DA:87,0
DA:88,0
DA:90,2
DA:94,1
LF:43
LH:34
BRDA:5,0,0,0
BRDA:5,0,1,1
BRDA:5,1,0,1
BRDA:5,1,1,1
BRDA:10,2,0,0
BRDA:10,2,1,1
BRDA:17,3,0,1
BRDA:17,3,1,0
BRDA:36,4,0,0
BRDA:36,4,1,1
BRDA:73,5,0,0
BRDA:73,5,1,2
BRDA:75,6,0,1
BRDA:75,6,1,1
BRDA:77,7,0,1
BRDA:77,7,1,0
BRDA:82,8,0,1
BRDA:82,8,1,0
BRF:18
BRH:11
end_of_record
TN:
SF:src/middlewares/authMiddleware.js
FN:3,(anonymous_0)
FNF:1
FNH:1
FNDA:21,(anonymous_0)
DA:1,1
DA:3,1
DA:4,21
DA:6,21
DA:7,21
DA:9,21
DA:10,21
DA:12,0
LF:8
LH:7
BRF:0
BRH:0
end_of_record
TN:
SF:src/middlewares/roleMiddleware.js
FN:1,(anonymous_0)
FN:2,(anonymous_1)
FNF:2
FNH:2
FNDA:5,(anonymous_0)
FNDA:5,(anonymous_1)
DA:1,1
DA:2,5
DA:4,5
DA:5,5
DA:7,0
LF:5
LH:4
BRDA:4,0,0,5
BRDA:4,0,1,0
BRDA:4,1,0,5
BRDA:4,1,1,5
BRF:4
BRH:3
end_of_record
TN:
SF:src/models/pkmnModel.js
FNF:0
FNH:0
DA:1,1
DA:3,1
DA:15,1
LF:3
LH:3
BRF:0
BRH:0
end_of_record
TN:
SF:src/models/trainerModel.js
FNF:0
FNH:0
DA:1,1
DA:3,1
DA:14,1
LF:3
LH:3
BRF:0
BRH:0
end_of_record
TN:
SF:src/models/userModel.js
FNF:0
FNH:0
DA:1,1
DA:3,1
DA:12,1
LF:3
LH:3
BRF:0
BRH:0
end_of_record
TN:
SF:src/routes/authRoutes.js
FNF:0
FNH:0
DA:1,1
DA:2,1
DA:3,1
DA:5,1
DA:6,1
DA:8,1
LF:6
LH:6
BRF:0
BRH:0
end_of_record
TN:
SF:src/routes/pkmnRoute.js
FNF:0
FNH:0
DA:1,1
DA:2,1
DA:3,1
DA:4,1
DA:5,1
DA:8,1
DA:10,1
DA:11,1
DA:14,1
DA:15,1
DA:16,1
DA:19,1
DA:20,1
DA:22,1
LF:14
LH:14
BRF:0
BRH:0
end_of_record
TN:
SF:src/routes/trainerRoute.js
FNF:0
FNH:0
DA:1,1
DA:2,1
DA:3,1
DA:4,1
DA:69,1
DA:71,1
DA:72,1
DA:73,1
DA:74,1
DA:75,1
DA:77,1
LF:11
LH:11
BRF:0
BRH:0
end_of_record
TN:
SF:src/services/pkmnService.js
FN:5,(anonymous_0)
FN:10,(anonymous_1)
FN:19,(anonymous_2)
FNF:3
FNH:2
FNDA:1,(anonymous_0)
FNDA:3,(anonymous_1)
FNDA:0,(anonymous_2)
DA:2,1
DA:5,1
DA:6,1
DA:10,1
DA:12,3
DA:13,3
DA:16,2
DA:19,1
DA:20,0
DA:23,1
LF:10
LH:9
BRDA:13,0,0,1
BRDA:13,0,1,2
BRF:2
BRH:2
end_of_record
